<?xml version="1.0" encoding="UTF-8"?>
<testsuite name="litecart.LoginAdmin" tests="1" skipped="0" failures="0" errors="0" timestamp="2018-04-13T13:30:04" hostname="avoranavalap" time="4.797">
  <properties/>
  <testcase name="Login" classname="litecart.LoginAdmin" time="4.797"/>
  <system-out><![CDATA[]]></system-out>
  <system-err><![CDATA[Starting ChromeDriver 2.37.544315 (730aa6a5fdba159ac9f4c1e8cbc59bf1b5ce12b7) on port 2592
Only local connections are allowed.
Apr 13, 2018 4:30:06 PM org.openqa.selenium.remote.ProtocolHandshake createSession
INFO: Detected dialect: OSS
]]></system-err>
</testsuite>
