<?xml version="1.0" encoding="UTF-8"?>
<testsuite name="Homeworks.MyFirstTest" tests="1" skipped="0" failures="0" errors="0" timestamp="2018-04-13T13:29:57" hostname="avoranavalap" time="6.379">
  <properties/>
  <testcase name="MyFirstTest" classname="Homeworks.MyFirstTest" time="6.379"/>
  <system-out><![CDATA[]]></system-out>
  <system-err><![CDATA[Starting ChromeDriver 2.37.544315 (730aa6a5fdba159ac9f4c1e8cbc59bf1b5ce12b7) on port 7556
Only local connections are allowed.
Apr 13, 2018 4:30:01 PM org.openqa.selenium.remote.ProtocolHandshake createSession
INFO: Detected dialect: OSS
]]></system-err>
</testsuite>
